<?xml version="1.0" encoding="UTF-8"?>
<testsuite xmlns:xsi="http://www.w3.org/2001/XMLSchema-instance" xsi:noNamespaceSchemaLocation="https://maven.apache.org/surefire/maven-surefire-plugin/xsd/surefire-test-report.xsd" name="org.example.third.entity.CreatureTest" time="0" tests="8" errors="0" skipped="0" failures="0">
  <properties>
    <property name="java.specification.version" value="21"/>
    <property name="sun.jnu.encoding" value="UTF-8"/>
    <property name="java.class.path" value="/Users/y.y.rudyk/projects/ttpo-1/target/test-classes:/Users/y.y.rudyk/projects/ttpo-1/target/classes:/Users/y.y.rudyk/.m2/repository/org/junit/jupiter/junit-jupiter-engine/5.9.2/junit-jupiter-engine-5.9.2.jar:/Users/y.y.rudyk/.m2/repository/org/junit/platform/junit-platform-engine/1.9.2/junit-platform-engine-1.9.2.jar:/Users/y.y.rudyk/.m2/repository/org/opentest4j/opentest4j/1.2.0/opentest4j-1.2.0.jar:/Users/y.y.rudyk/.m2/repository/org/junit/platform/junit-platform-commons/1.9.2/junit-platform-commons-1.9.2.jar:/Users/y.y.rudyk/.m2/repository/org/junit/jupiter/junit-jupiter-api/5.9.2/junit-jupiter-api-5.9.2.jar:/Users/y.y.rudyk/.m2/repository/org/apiguardian/apiguardian-api/1.1.2/apiguardian-api-1.1.2.jar:/Users/y.y.rudyk/.m2/repository/org/projectlombok/lombok/1.18.32/lombok-1.18.32.jar:/Users/y.y.rudyk/.m2/repository/org/junit/jupiter/junit-jupiter-params/5.10.0/junit-jupiter-params-5.10.0.jar:"/>
    <property name="java.vm.vendor" value="Homebrew"/>
    <property name="sun.arch.data.model" value="64"/>
    <property name="java.vendor.url" value="https://github.com/Homebrew/homebrew-core/issues"/>
    <property name="os.name" value="Mac OS X"/>
    <property name="java.vm.specification.version" value="21"/>
    <property name="sun.java.launcher" value="SUN_STANDARD"/>
    <property name="user.country" value="RU"/>
    <property name="sun.boot.library.path" value="/opt/homebrew/Cellar/openjdk/21.0.1/libexec/openjdk.jdk/Contents/Home/lib"/>
    <property name="sun.java.command" value="/Users/y.y.rudyk/projects/ttpo-1/target/surefire/surefirebooter8859250553397449857.jar /Users/y.y.rudyk/projects/ttpo-1/target/surefire 2024-04-12T10-57-28_211-jvmRun1 surefire2917670497860396907tmp surefire_013501298743533223776tmp"/>
    <property name="http.nonProxyHosts" value="local|*.local|169.254/16|*.169.254/16|jamf.tinkoff.ru|*.jamf.tinkoff.ru"/>
    <property name="jdk.debug" value="release"/>
    <property name="surefire.test.class.path" value="/Users/y.y.rudyk/projects/ttpo-1/target/test-classes:/Users/y.y.rudyk/projects/ttpo-1/target/classes:/Users/y.y.rudyk/.m2/repository/org/junit/jupiter/junit-jupiter-engine/5.9.2/junit-jupiter-engine-5.9.2.jar:/Users/y.y.rudyk/.m2/repository/org/junit/platform/junit-platform-engine/1.9.2/junit-platform-engine-1.9.2.jar:/Users/y.y.rudyk/.m2/repository/org/opentest4j/opentest4j/1.2.0/opentest4j-1.2.0.jar:/Users/y.y.rudyk/.m2/repository/org/junit/platform/junit-platform-commons/1.9.2/junit-platform-commons-1.9.2.jar:/Users/y.y.rudyk/.m2/repository/org/junit/jupiter/junit-jupiter-api/5.9.2/junit-jupiter-api-5.9.2.jar:/Users/y.y.rudyk/.m2/repository/org/apiguardian/apiguardian-api/1.1.2/apiguardian-api-1.1.2.jar:/Users/y.y.rudyk/.m2/repository/org/projectlombok/lombok/1.18.32/lombok-1.18.32.jar:/Users/y.y.rudyk/.m2/repository/org/junit/jupiter/junit-jupiter-params/5.10.0/junit-jupiter-params-5.10.0.jar:"/>
    <property name="sun.cpu.endian" value="little"/>
    <property name="user.home" value="/Users/y.y.rudyk"/>
    <property name="user.language" value="ru"/>
    <property name="java.specification.vendor" value="Oracle Corporation"/>
    <property name="java.version.date" value="2023-10-17"/>
    <property name="java.home" value="/opt/homebrew/Cellar/openjdk/21.0.1/libexec/openjdk.jdk/Contents/Home"/>
    <property name="file.separator" value="/"/>
    <property name="basedir" value="/Users/y.y.rudyk/projects/ttpo-1"/>
    <property name="java.vm.compressedOopsMode" value="Zero based"/>
    <property name="line.separator" value="&#10;"/>
    <property name="java.vm.specification.vendor" value="Oracle Corporation"/>
    <property name="java.specification.name" value="Java Platform API Specification"/>
    <property name="apple.awt.application.name" value="ForkedBooter"/>
    <property name="surefire.real.class.path" value="/Users/y.y.rudyk/projects/ttpo-1/target/surefire/surefirebooter8859250553397449857.jar"/>
    <property name="sun.management.compiler" value="HotSpot 64-Bit Tiered Compilers"/>
    <property name="ftp.nonProxyHosts" value="local|*.local|169.254/16|*.169.254/16|jamf.tinkoff.ru|*.jamf.tinkoff.ru"/>
    <property name="java.runtime.version" value="21.0.1"/>
    <property name="user.name" value="y.y.rudyk"/>
    <property name="stdout.encoding" value="UTF-8"/>
    <property name="path.separator" value=":"/>
    <property name="os.version" value="13.4"/>
    <property name="java.runtime.name" value="OpenJDK Runtime Environment"/>
    <property name="file.encoding" value="UTF-8"/>
    <property name="java.vm.name" value="OpenJDK 64-Bit Server VM"/>
    <property name="java.vendor.version" value="Homebrew"/>
    <property name="localRepository" value="/Users/y.y.rudyk/.m2/repository"/>
    <property name="java.vendor.url.bug" value="https://github.com/Homebrew/homebrew-core/issues"/>
    <property name="java.io.tmpdir" value="/var/folders/ks/wfmdx6j55t35kz457bk6p52c0000gq/T/"/>
    <property name="java.version" value="21.0.1"/>
    <property name="user.dir" value="/Users/y.y.rudyk/projects/ttpo-1"/>
    <property name="os.arch" value="aarch64"/>
    <property name="java.vm.specification.name" value="Java Virtual Machine Specification"/>
    <property name="native.encoding" value="UTF-8"/>
    <property name="java.library.path" value="/Users/y.y.rudyk/Library/Java/Extensions:/Library/Java/Extensions:/Network/Library/Java/Extensions:/System/Library/Java/Extensions:/usr/lib/java:."/>
    <property name="java.vm.info" value="mixed mode, sharing"/>
    <property name="stderr.encoding" value="UTF-8"/>
    <property name="java.vendor" value="Homebrew"/>
    <property name="java.vm.version" value="21.0.1"/>
    <property name="sun.io.unicode.encoding" value="UnicodeBig"/>
    <property name="socksNonProxyHosts" value="local|*.local|169.254/16|*.169.254/16|jamf.tinkoff.ru|*.jamf.tinkoff.ru"/>
    <property name="java.class.version" value="65.0"/>
  </properties>
  <testcase name="testHeartBeatIfIllegalHeartType" classname="org.example.third.entity.CreatureTest" time="0"/>
  <testcase name="testGambleIfIllegalGamblerType" classname="org.example.third.entity.CreatureTest" time="0"/>
  <testcase name="testBraveHeartBeat" classname="org.example.third.entity.CreatureTest" time="0"/>
  <testcase name="testOrdinaryGamble" classname="org.example.third.entity.CreatureTest" time="0"/>
  <testcase name="testBraveGamble" classname="org.example.third.entity.CreatureTest" time="0"/>
  <testcase name="testTimidHeartBeat" classname="org.example.third.entity.CreatureTest" time="0"/>
  <testcase name="testOrdinaryHeartBeat" classname="org.example.third.entity.CreatureTest" time="0"/>
  <testcase name="testTimidGamble" classname="org.example.third.entity.CreatureTest" time="0"/>
</testsuite>